C51 COMPILER V9.60.0.0   MAIN                                                              12/16/2022 20:39:32 PAGE 1   


C51 COMPILER V9.60.0.0, COMPILATION OF MODULE MAIN
OBJECT MODULE PLACED IN .\OBJ\main.obj
COMPILER INVOKED BY: D:\mk\Keil\C51\BIN\C51.EXE main.C BROWSE DEBUG OBJECTEXTEND OBJECT(.\OBJ\main.obj)

line level    source

   1          #include <REG51.H>
   2          #include <INTRINS.H>  //库函数头文件，代码中引用了_nop_()函数
   3          // 定义控制信号端口
   4          sbit RS=P3^0;
   5          sbit RW=P3^1;                     
   6          sbit E= P3^2;                     
   7          // 声明调用函数
   8          void lcd_w_cmd(unsigned char com);//写命令字函数
   9          void lcd_w_dat(unsigned char dat);//写数据函数
  10          unsigned char lcd_r_start();      //读状态函数
  11          void lcd_init();                  //LCD初始化函数
  12          void delay100us(unsigned char t); //可控延时函数
  13          void delay5us(unsigned char n);   //软件实现延时函数，n*5个机器周期
  14          void main()//主函数
  15          {
  16   1         unsigned char Disp[]="Hello Everyone";  //定义字符数组Disp
  17   1         unsigned char i;
  18   1         P1=0xff;   // 送全1到P1口
  19   1         lcd_init();  // 初始化LCD
  20   1         delay100us(255);
  21   1         lcd_w_cmd(0xc2); // 定位光标设置显示位置
  22   1         delay100us(255);
  23   1         for(i=0;i<14;i++) // 显示字符串
  24   1         {                    
  25   2          lcd_w_dat(Disp[i]);
  26   2          delay100us(200);
  27   2          }
  28   1         while(1);  // 显示完成
  29   1      }
  30          
  31          //延时100us
  32          void delay100us(unsigned char t)     
  33          {
  34   1         unsigned char j,i;
  35   1         for(i=0;i<t;i++)
  36   1         for(j=0;j<10;j++); 
  37   1      }
  38          
  39          //延时5us　　
  40          void delay5us(unsigned char n)
  41          {  
  42   1          do
  43   1          {
  44   2           _nop_();
  45   2           _nop_();
  46   2           _nop_();
  47   2           n--;
  48   2           }
  49   1           while(n);
  50   1      }
  51          
  52          //lcd初始化
  53          void lcd_init()           
  54          {
  55   1          lcd_w_cmd(0x3c);                 // 设置工作方式
C51 COMPILER V9.60.0.0   MAIN                                                              12/16/2022 20:39:32 PAGE 2   

  56   1          lcd_w_cmd(0x0e);                 // 设置光标
  57   1          lcd_w_cmd(0x01);                 // 清屏
  58   1          lcd_w_cmd(0x06);                 // 设置输入方式
  59   1          lcd_w_cmd(0x80);                 // 设置初始显示位置
  60   1      }
  61          
  62          //读状态
  63          unsigned char lcd_r_start()          
  64          {
  65   1          unsigned char s;
  66   1          RW=1;         //RW=1，RS=0，读LCD状态
  67   1          delay5us(1);
  68   1          RS=0;
  69   1          delay5us(1);
  70   1          E=1;          //E端时序
  71   1          delay5us(1);
  72   1          s=P1;         //从LCD的数据口读状态
  73   1          delay5us(1);
  74   1          E=0;
  75   1          delay5us(1);
  76   1          RW=0;
  77   1          delay5us(1);
  78   1          return(s);    //返回读取的LCD状态字
  79   1      }
  80          
  81          //写命令字
  82          void lcd_w_cmd(unsigned char com)   
  83          {
  84   1          unsigned char i;
  85   1          //do{                 // 查LCD忙操作
  86   1          //i=lcd_r_start();  // 调用读状态字函数
  87   1          //i=i&0x80;         // 与操作屏蔽掉低7位 
  88   1          //delay100us(2);
  89   1          //}while(i!=0);    // LCD忙，继续查询，否则退出循环
  90   1          RW=0;
  91   1          delay5us(1);
  92   1          RS=0;            // RW=1，RS=0，写LCD命令字
  93   1          delay5us(1);
  94   1          E=1;             //E端时序
  95   1          delay5us(1);
  96   1          P1=com;          //将com中的命令字写入LCD数据口
  97   1          delay5us(1);
  98   1          E=0;
  99   1          delay5us(1);
 100   1          RW=1;
 101   1          delay100us(255);
 102   1      }
*** WARNING C280 IN LINE 84 OF main.C: 'i': unreferenced local variable
 103          
 104          //写数据
 105          void lcd_w_dat(unsigned char dat)   
 106          {
 107   1          unsigned char i;
 108   1          //do{                // 查忙操作
 109   1          //i=lcd_r_start();   // 调用读状态字函数
 110   1          //i=i&0x80;          // 与操作屏蔽掉低7位 
 111   1          //delay100us(2);            
 112   1          //}while(i!=0);      // LCD忙，继续查询，否则退出循环
 113   1          RW=0;
 114   1          delay5us(1);
 115   1          RS=1;         // RW=1，RS=0，写LCD命令字
 116   1          delay5us(1);
C51 COMPILER V9.60.0.0   MAIN                                                              12/16/2022 20:39:32 PAGE 3   

 117   1          E=1;          // E端时序
 118   1          delay5us(1);
 119   1          P1=dat;       // 将dat中的显示数据写入LCD数据口
 120   1          delay5us(1);
 121   1          E=0;
 122   1          delay5us(1);
 123   1          RW=1;
 124   1          delay100us(255);
 125   1      }
*** WARNING C280 IN LINE 107 OF main.C: 'i': unreferenced local variable


MODULE INFORMATION:   STATIC OVERLAYABLE
   CODE SIZE        =    233    ----
   CONSTANT SIZE    =     15    ----
   XDATA SIZE       =   ----    ----
   PDATA SIZE       =   ----    ----
   DATA SIZE        =   ----      18
   IDATA SIZE       =   ----    ----
   BIT SIZE         =   ----    ----
END OF MODULE INFORMATION.


C51 COMPILATION COMPLETE.  2 WARNING(S),  0 ERROR(S)
