C51 COMPILER V9.60.0.0   MAIN                                                              12/20/2022 10:47:09 PAGE 1   


C51 COMPILER V9.60.0.0, COMPILATION OF MODULE MAIN
OBJECT MODULE PLACED IN .\obj\cx\main.obj
COMPILER INVOKED BY: D:\mk\Keil\C51\BIN\C51.EXE main.c BROWSE DEBUG OBJECTEXTEND OBJECT(.\obj\cx\main.obj)

line level    source

   1          /*#include <reg51.h>
   2          void delay1s(); //1s
   3          void disp1();   //数字
   4          void main()     //主函数
   5          {
   6              while(1)
   7                  {
   8                      disp1();
   9                  }
  10          }
  11          
  12          void disp1()                    //显示
  13          {
  14              unsigned char led[]={0x3f,0x06,0x5b,0x4f,0x66,0x6d,0x7d,0x07,0x7f,0x6f};
  15                                      // 0 ,  1 , 2  ,  3 ,  4 ,  5 ,  6 ,  7 ,  8 ,  9
  16                  unsigned char i,g,s;
  17          //      for(i=7;i<100;i+=7)
  18                  for(i=7;i<100;i++)
  19                  {
  20                      if(i%7 == 0 || i%10 == 7 || i/10 == 7)
  21                      {
  22                          g = i%10;
  23                              s = i/10;
  24                          P2 = led[g]; //g
  25                              P3 = led[s]; //s
  26                              delay1s();
  27                          }
  28                  }
  29          }
  30          
  31          void delay1s()
  32          {
  33              unsigned char i;
  34                  TMOD = 0x10;
  35                  for(i=0;i<0x14;i++)
  36                  {
  37                      TH1=0X3C;
  38                      TL1=0XB0;
  39                  TR1=1;
  40                      while(! TF1);
  41                  TF1=0;
  42                  }
  43          }
  44          
  45            */
  46            #include <reg51.h>
  47          #define uchar unsigned char
  48          #define uint unsigned int
  49          
  50          sbit P2_0 = P2^0;
  51          sbit P3_0 = P3^0;
  52          
  53          uchar code table[] = {0x3f, 0x06, 0x5b, 0x4f, 0x66, 0x6d, 0x7d, 0x07, 0x7f, 0x6f};
  54          
  55          void delay(uint z)
C51 COMPILER V9.60.0.0   MAIN                                                              12/20/2022 10:47:09 PAGE 2   

  56          {
  57   1              uint x, y;
  58   1              for(x = z; x > 0; x--)
  59   1                      for(y = 110; y > 0; y--);
  60   1      }
  61          
  62          void main()
  63          {
  64   1              uchar i;
  65   1              while(1)
  66   1              {
  67   2                      for(i = 0; i <= 100; i++)
  68   2                      {
  69   3                              if(i % 7 == 0 || i % 10 == 7)
  70   3                              {
  71   4                                      P2 = table[i / 10];
  72   4                                      P3 = table[i % 10];
  73   4                                      delay(1000);
  74   4                              }
  75   3                      }
  76   2              }
  77   1      }


MODULE INFORMATION:   STATIC OVERLAYABLE
   CODE SIZE        =     93    ----
   CONSTANT SIZE    =     10    ----
   XDATA SIZE       =   ----    ----
   PDATA SIZE       =   ----    ----
   DATA SIZE        =   ----    ----
   IDATA SIZE       =   ----    ----
   BIT SIZE         =   ----    ----
END OF MODULE INFORMATION.


C51 COMPILATION COMPLETE.  0 WARNING(S),  0 ERROR(S)
